<?xml version="1.0" encoding="UTF-8"?>
<!-- Generated by org.testng.reporters.JUnitXMLReporter -->
<testsuite hostname="DESKTOP-4PBLL9U" ignored="0" name="TitleTest" tests="1" failures="1" timestamp="2020-04-19T12:23:16 EET" time="20.857" errors="0">
  <testcase name="validateTitle" time="0.037" classname="alphaPackage.TitleValidationTest">
    <failure type="java.lang.AssertionError" message="did not expect to find [true] but found [false]">
      <![CDATA[java.lang.AssertionError: did not expect to find [true] but found [false]
at alphaPackage.TitleValidationTest.validateTitle(TitleValidationTest.java:31)
at java.util.ArrayList.forEach(ArrayList.java:1257)
... Removed 35 stack frames]]>
    </failure>
  </testcase> <!-- validateTitle -->
</testsuite> <!-- TitleTest -->
